<?xml version="1.0" encoding="UTF-8"?>
<!-- Generated by org.testng.reporters.JUnitReportReporter -->
<testsuite skipped="0" hostname="2S9ZQN2" name="com.becow.testcases.UploadProductScripts" tests="3" failures="0" timestamp="20 Apr 2019 07:33:01 GMT" time="29.624" errors="0">
  <testcase name="TC_031" time="8.389" classname="com.becow.testcases.UploadProductScripts"/>
  <testcase name="TC_032" time="7.226" classname="com.becow.testcases.UploadProductScripts"/>
  <testcase name="TC_033" time="14.009" classname="com.becow.testcases.UploadProductScripts"/>
</testsuite> <!-- com.becow.testcases.UploadProductScripts -->
