<?xml version="1.0" encoding="UTF-8"?>
<!-- Generated by org.testng.reporters.JUnitReportReporter -->
<testsuite skipped="0" hostname="2S9ZQN2" name="com.becow.testcases.LoginScript" tests="1" failures="0" timestamp="12 Apr 2019 17:14:22 GMT" time="4.856" errors="0">
  <testcase name="TC_006" time="4.856" classname="com.becow.testcases.LoginScript"/>
</testsuite> <!-- com.becow.testcases.LoginScript -->
