<?xml version="1.0" encoding="UTF-8"?>
<!-- Generated by org.testng.reporters.JUnitReportReporter -->
<testsuite skipped="7" hostname="2S9ZQN2" name="com.becow.testcases.LoginScript" tests="8" failures="0" timestamp="17 Apr 2019 16:48:44 GMT" time="11.642" errors="1">
  <testcase name="TC_006" time="0.000" classname="com.becow.testcases.LoginScript">
    <skipped/>
  </testcase> <!-- TC_006 -->
  <testcase name="beforeClass" time="11.642" classname="com.becow.testcases.LoginScript">
    <error type="java.lang.NullPointerException">
      <![CDATA[java.lang.NullPointerException
at com.google.common.base.Preconditions.checkNotNull(Preconditions.java:882)
at org.openqa.selenium.support.ui.FluentWait.<init>(FluentWait.java:104)
at org.openqa.selenium.support.ui.WebDriverWait.<init>(WebDriverWait.java:71)
at org.openqa.selenium.support.ui.WebDriverWait.<init>(WebDriverWait.java:45)
at CommonPage.commonFunction.waitVisible(commonFunction.java:268)
at com.becow.actions.HomePage.clickLoginMenu(HomePage.java:17)
at com.becow.testcases.LoginScript.beforeClass(LoginScript.java:28)
at sun.reflect.NativeMethodAccessorImpl.invoke0(Native Method)
at sun.reflect.NativeMethodAccessorImpl.invoke(Unknown Source)
at sun.reflect.DelegatingMethodAccessorImpl.invoke(Unknown Source)
at java.lang.reflect.Method.invoke(Unknown Source)
at org.testng.internal.MethodInvocationHelper.invokeMethod(MethodInvocationHelper.java:124)
at org.testng.internal.MethodInvocationHelper.invokeMethodConsideringTimeout(MethodInvocationHelper.java:59)
at org.testng.internal.Invoker.invokeConfigurationMethod(Invoker.java:455)
at org.testng.internal.Invoker.invokeConfigurations(Invoker.java:222)
at org.testng.internal.Invoker.invokeConfigurations(Invoker.java:142)
at org.testng.internal.TestMethodWorker.invokeBeforeClassMethods(TestMethodWorker.java:168)
at org.testng.internal.TestMethodWorker.run(TestMethodWorker.java:105)
at org.testng.TestRunner.privateRun(TestRunner.java:648)
at org.testng.TestRunner.run(TestRunner.java:505)
at org.testng.SuiteRunner.runTest(SuiteRunner.java:455)
at org.testng.SuiteRunner.access$000(SuiteRunner.java:40)
at org.testng.SuiteRunner$SuiteWorker.run(SuiteRunner.java:489)
at org.testng.internal.thread.ThreadUtil$1.call(ThreadUtil.java:52)
at java.util.concurrent.FutureTask.run(Unknown Source)
at java.util.concurrent.ThreadPoolExecutor.runWorker(Unknown Source)
at java.util.concurrent.ThreadPoolExecutor$Worker.run(Unknown Source)
at java.lang.Thread.run(Unknown Source)
]]>
    </error>
  </testcase> <!-- beforeClass -->
  <testcase name="TC_005" time="0.000" classname="com.becow.testcases.LoginScript">
    <skipped/>
  </testcase> <!-- TC_005 -->
  <testcase name="TC_002" time="0.000" classname="com.becow.testcases.LoginScript">
    <skipped/>
  </testcase> <!-- TC_002 -->
  <testcase name="TC_004" time="0.000" classname="com.becow.testcases.LoginScript">
    <skipped/>
  </testcase> <!-- TC_004 -->
  <testcase name="TC_001" time="0.000" classname="com.becow.testcases.LoginScript">
    <skipped/>
  </testcase> <!-- TC_001 -->
  <testcase name="TC_003" time="0.000" classname="com.becow.testcases.LoginScript">
    <skipped/>
  </testcase> <!-- TC_003 -->
  <testcase name="TC_007" time="0.000" classname="com.becow.testcases.LoginScript">
    <skipped/>
  </testcase> <!-- TC_007 -->
</testsuite> <!-- com.becow.testcases.LoginScript -->
